#
# There is insufficient memory for the Java Runtime Environment to continue.
# Native memory allocation (malloc) failed to allocate 1048576 bytes for AllocateHeap
# Possible reasons:
#   The system is out of physical RAM or swap space
#   In 32 bit mode, the process size limit was hit
# Possible solutions:
#   Reduce memory load on the system
#   Increase physical memory or swap space
#   Check if swap backing store is full
#   Use 64 bit Java on a 64 bit OS
#   Decrease Java heap size (-Xmx/-Xms)
#   Decrease number of Java threads
#   Decrease Java thread stack sizes (-Xss)
#   Set larger code cache with -XX:ReservedCodeCacheSize=
# This output file may be truncated or incomplete.
#
#  Out of Memory Error (memory/allocation.inline.hpp:61), pid=11372, tid=0x000000000000157c
#
# JRE version:  (8.0_111-b14) (build )
# Java VM: Java HotSpot(TM) 64-Bit Server VM (25.111-b14 mixed mode windows-amd64 compressed oops)
# Failed to write core dump. Minidumps are not enabled by default on client versions of Windows
#

---------------  T H R E A D  ---------------

Current thread (0x0000000002950800):  JavaThread "Unknown thread" [_thread_in_vm, id=5500, stack(0x0000000002850000,0x0000000002950000)]

Stack: [0x0000000002850000,0x0000000002950000]
[error occurred during error reporting (printing stack bounds), id 0xc0000005]

Native frames: (J=compiled Java code, j=interpreted, Vv=VM code, C=native code)


---------------  P R O C E S S  ---------------

Java Threads: ( => current thread )

Other Threads:

=>0x0000000002950800 (exited) JavaThread "Unknown thread" [_thread_in_vm, id=5500, stack(0x0000000002850000,0x0000000002950000)]

VM state:not at safepoint (normal execution)

VM Mutex/Monitor currently owned by a thread: None

Heap:
 PSYoungGen      total 18944K, used 327K [0x00000000eb400000, 0x00000000ec900000, 0x0000000100000000)
  eden space 16384K, 2% used [0x00000000eb400000,0x00000000eb451ec8,0x00000000ec400000)
  from space 2560K, 0% used [0x00000000ec680000,0x00000000ec680000,0x00000000ec900000)
  to   space 2560K, 0% used [0x00000000ec400000,0x00000000ec400000,0x00000000ec680000)
 ParOldGen       total 44032K, used 0K [0x00000000c1c00000, 0x00000000c4700000, 0x00000000eb400000)
  object space 44032K, 0% used [0x00000000c1c00000,0x00000000c1c00000,0x00000000c4700000)
 Metaspace       used 783K, capacity 1092K, committed 1152K, reserved 1060864K
  class space    used 75K, capacity 384K, committed 384K, reserved 1048576K

Card table byte_map: [0x0000000011e10000,0x0000000012010000] byte_map_base: 0x0000000011802000

Marking Bits: (ParMarkBitMap*) 0x0000000057b0a6c0
 Begin Bits: [0x0000000012360000, 0x00000000132f0000)
 End Bits:   [0x00000000132f0000, 0x0000000014280000)

Polling page: 0x0000000001080000

CodeCache: size=245760Kb used=327Kb max_used=327Kb free=245432Kb
 bounds [0x0000000002a50000, 0x0000000002cc0000, 0x0000000011a50000]
 total_blobs=57 nmethods=0 adapters=38
 compilation: enabled

Compilation events (0 events):
No events

GC Heap History (0 events):
No events

Deoptimization events (0 events):
No events

Internal exceptions (0 events):
No events

Events (10 events):
Event: 0.047 loading class java/lang/Short
Event: 0.047 loading class java/lang/Short done
Event: 0.047 loading class java/lang/Integer
Event: 0.047 loading class java/lang/Integer done
Event: 0.047 loading class java/lang/Long
Event: 0.047 loading class java/lang/Long done
Event: 0.048 loading class java/lang/NullPointerException
Event: 0.049 loading class java/lang/NullPointerException done
Event: 0.049 loading class java/lang/ArithmeticException
Event: 0.049 loading class java/lang/ArithmeticException done


Dynamic libraries:
0x00007ff606db0000 - 0x00007ff606de7000 	C:\Program Files\Java\jdk1.8.0_111\bin\javaw.exe
0x00007ff998760000 - 0x00007ff998950000 	C:\WINDOWS\SYSTEM32\ntdll.dll
0x00007ff996f90000 - 0x00007ff997042000 	C:\WINDOWS\System32\KERNEL32.DLL
0x00007ff9961e0000 - 0x00007ff996483000 	C:\WINDOWS\System32\KERNELBASE.dll
0x00007ff9976c0000 - 0x00007ff997763000 	C:\WINDOWS\System32\ADVAPI32.dll
0x00007ff997620000 - 0x00007ff9976be000 	C:\WINDOWS\System32\msvcrt.dll
0x00007ff9982a0000 - 0x00007ff998337000 	C:\WINDOWS\System32\sechost.dll
0x00007ff996e70000 - 0x00007ff996f90000 	C:\WINDOWS\System32\RPCRT4.dll
0x00007ff9971d0000 - 0x00007ff997364000 	C:\WINDOWS\System32\USER32.dll
0x00007ff996540000 - 0x00007ff996561000 	C:\WINDOWS\System32\win32u.dll
0x00007ff997770000 - 0x00007ff997796000 	C:\WINDOWS\System32\GDI32.dll
0x00007ff996570000 - 0x00007ff996704000 	C:\WINDOWS\System32\gdi32full.dll
0x00007ff995e70000 - 0x00007ff995f0e000 	C:\WINDOWS\System32\msvcp_win.dll
0x00007ff996710000 - 0x00007ff99680a000 	C:\WINDOWS\System32\ucrtbase.dll
0x00007ff9800a0000 - 0x00007ff980325000 	C:\WINDOWS\WinSxS\amd64_microsoft.windows.common-controls_6595b64144ccf1df_6.0.18362.720_none_e6beb5c51314836b\COMCTL32.dll
0x00007ff997870000 - 0x00007ff997ba6000 	C:\WINDOWS\System32\combase.dll
0x00007ff996160000 - 0x00007ff9961e0000 	C:\WINDOWS\System32\bcryptPrimitives.dll
0x00007ff998660000 - 0x00007ff99868e000 	C:\WINDOWS\System32\IMM32.DLL
0x0000000056eb0000 - 0x0000000056f82000 	C:\Program Files\Java\jdk1.8.0_111\jre\bin\msvcr100.dll
0x00000000572f0000 - 0x0000000057b8a000 	C:\Program Files\Java\jdk1.8.0_111\jre\bin\server\jvm.dll
0x00007ff998340000 - 0x00007ff998348000 	C:\WINDOWS\System32\PSAPI.DLL
0x00007ff993430000 - 0x00007ff993454000 	C:\WINDOWS\SYSTEM32\WINMM.dll
0x00007ff983f40000 - 0x00007ff983f49000 	C:\WINDOWS\SYSTEM32\WSOCK32.dll
0x00007ff997370000 - 0x00007ff9973df000 	C:\WINDOWS\System32\WS2_32.dll
0x00007ff993400000 - 0x00007ff99342d000 	C:\WINDOWS\SYSTEM32\WINMMBASE.dll
0x00007ff98de60000 - 0x00007ff98de6a000 	C:\WINDOWS\SYSTEM32\VERSION.dll
0x00007ff996490000 - 0x00007ff9964da000 	C:\WINDOWS\System32\cfgmgr32.dll
0x00000000572e0000 - 0x00000000572ef000 	C:\Program Files\Java\jdk1.8.0_111\jre\bin\verify.dll
0x00000000572b0000 - 0x00000000572d9000 	C:\Program Files\Java\jdk1.8.0_111\jre\bin\java.dll
0x0000000057290000 - 0x00000000572a6000 	C:\Program Files\Java\jdk1.8.0_111\jre\bin\zip.dll

VM Arguments:
jvm_args: -Dfile.encoding=Cp1252 
java_command: herramientas.Formulario
java_class_path (initial): C:\Users\victor\eclipse-workspace\TrabajoFinal\bin;C:\Users\victor\Desktop\Controladores de DB\mysql-driver (1).jar
Launcher Type: SUN_STANDARD

Environment Variables:
PATH=C:/PROGRA~1/Java/JDK18~1.0_1/jre/bin/server;C:/PROGRA~1/Java/JDK18~1.0_1/jre/bin;C:/PROGRA~1/Java/JDK18~1.0_1/jre/lib/amd64;C:\oraclexe\app\oracle\product\11.2.0\server\bin;;C:\WINDOWS\system32;C:\WINDOWS;C:\WINDOWS\System32\Wbem;C:\WINDOWS\System32\WindowsPowerShell\v1.0\;C:\WINDOWS\System32\OpenSSH\;C:\Program Files (x86)\Brackets\command;C:\Program Files\Microsoft\Web Platform Installer\;C:\Program Files (x86)\Microsoft ASP.NET\ASP.NET Web Pages\v1.0\;C:\Program Files (x86)\Windows Kits\8.0\Windows Performance Toolkit\;C:\Program Files\Microsoft SQL Server\110\Tools\Binn\;C:\src\flutter\bin;C:\Users\victor\AppData\Local\Microsoft\WindowsApps;C:\src\flutter\bin;;C:\Users\victor\Desktop;
USERNAME=victor
OS=Windows_NT
PROCESSOR_IDENTIFIER=AMD64 Family 21 Model 112 Stepping 0, AuthenticAMD



---------------  S Y S T E M  ---------------

OS: Windows 10.0 , 64 bit Build 18362 (10.0.18362.329)

CPU:total 2 (2 cores per cpu, 1 threads per core) family 21 model 112 stepping 0, cmov, cx8, fxsr, mmx, sse, sse2, sse3, ssse3, sse4.1, sse4.2, popcnt, avx, avx2, aes, clmul, mmxext, 3dnowpref, lzcnt, sse4a, tsc, tscinvbit, tscinv, bmi1

Memory: 4k page, physical 4077240k(519780k free), swap 6930104k(6076k free)

vm_info: Java HotSpot(TM) 64-Bit Server VM (25.111-b14) for windows-amd64 JRE (1.8.0_111-b14), built on Sep 22 2016 19:24:05 by "java_re" with MS VC++ 10.0 (VS2010)

time: Sat Apr 18 22:01:55 2020
elapsed time: 0 seconds (0d 0h 0m 0s)

